sopac@orolo:~/Chirp/NH1111_Kohler/SEGY$ mkplt.sh env-2011_255_1712_70873_CHP3.5_FLT_000.sgy
  SIOSEIS ver 2013.2.3 (9 Apr. 2013)  (C) Regents of U.C.                        
 procs diskin prout wbt filter avenor gains mix plot end 
 diskin 
    ntodo 4000    #####     BEWARE OF VERY BIG PLOTS    ##### 
    ipath env-2011_255_1712_70873_CHP3.5_FLT_000.sgy  end 
 end 
 gains 
     subwb yes type 5 alpha 5 end 
 end 
 avenor 
    sets 0 .1 addwb yes end 
 end 
 wbt 
    vel 1500 end 
 end 
 mix 
    weight 1  1 end 
 end 
 filter 
     ftype 0 pass 2 500 dbdrop 48 end 
 end 
 prout 
     fno 0 lno 9999999 noinc 100 end 
 end 
 plot 
    dir ltr dptr 1 tlines .05 .1 ! chart 5 75 
     colors gray opath siofil wiggle 0  ann gmtint anninc 5 
     trpin 300 def .02 tlines .05 vscale 5 end 
 end 
 end 
 ****    0 ERRORS IN THIS JOB   ****
  ***  WARNING  ***  Uneven spacing between plot samples.
                   Interpolation will be done.
    Use vscale    68.0272141      to avoid it.
  The computed PLOT SCALAR is    1.81993315E-07
 SHOT      64400 TRACE     1 RP       0 TRACE     0
 SHOT      64500 TRACE     1 RP       0 TRACE     0
  ***  ERROR  ***  ALL AVENOR WINDOWS BEFORE THE DATA.
 SHOT      64600 TRACE     1 RP       0 TRACE     0
 SHOT      64700 TRACE     1 RP       0 TRACE     0
 SHOT      64800 TRACE     1 RP       0 TRACE     0
 SHOT      64900 TRACE     1 RP       0 TRACE     0
 SHOT      65000 TRACE     1 RP       0 TRACE     0
 SHOT      65100 TRACE     1 RP       0 TRACE     0
 SHOT      65200 TRACE     1 RP       0 TRACE     0
 SHOT      65300 TRACE     1 RP       0 TRACE     0
 SHOT      65400 TRACE     1 RP       0 TRACE     0
 SHOT      65500 TRACE     1 RP       0 TRACE     0
 SHOT          0 TRACE     1 RP       0 TRACE     0
 SHOT        100 TRACE     1 RP       0 TRACE     0
 SHOT        200 TRACE     1 RP       0 TRACE     0
 SHOT        300 TRACE     1 RP       0 TRACE     0
 SHOT        400 TRACE     1 RP       0 TRACE     0
 SHOT        500 TRACE     1 RP       0 TRACE     0
 SHOT        600 TRACE     1 RP       0 TRACE     0
 SHOT        700 TRACE     1 RP       0 TRACE     0
 SHOT        800 TRACE     1 RP       0 TRACE     0
 SHOT        900 TRACE     1 RP       0 TRACE     0
 SHOT       1000 TRACE     1 RP       0 TRACE     0
 SHOT       1100 TRACE     1 RP       0 TRACE     0
 SHOT       1200 TRACE     1 RP       0 TRACE     0
 SHOT       1300 TRACE     1 RP       0 TRACE     0
 SHOT       1400 TRACE     1 RP       0 TRACE     0
 SHOT       1500 TRACE     1 RP       0 TRACE     0
 SHOT       1600 TRACE     1 RP       0 TRACE     0
 SHOT       1700 TRACE     1 RP       0 TRACE     0
 SHOT       1800 TRACE     1 RP       0 TRACE     0
 SHOT       1900 TRACE     1 RP       0 TRACE     0
 SHOT       2000 TRACE     1 RP       0 TRACE     0
 SHOT       2100 TRACE     1 RP       0 TRACE     0
 SHOT       2200 TRACE     1 RP       0 TRACE     0
 SHOT       2300 TRACE     1 RP       0 TRACE     0
  ***  ERROR  ***  ALL AVENOR WINDOWS BEFORE THE DATA.
 SHOT       2400 TRACE     1 RP       0 TRACE     0
 SHOT       2500 TRACE     1 RP       0 TRACE     0
 SHOT       2600 TRACE     1 RP       0 TRACE     0
 SHOT       2700 TRACE     1 RP       0 TRACE     0
  ***  ERROR  ***  ALL AVENOR WINDOWS BEFORE THE DATA.
  ***  ERROR  ***  ALL AVENOR WINDOWS BEFORE THE DATA.
  ***  ERROR  ***  ALL AVENOR WINDOWS BEFORE THE DATA.
  ***  ERROR  ***  ALL AVENOR WINDOWS BEFORE THE DATA.
  ***  ERROR  ***  ALL AVENOR WINDOWS BEFORE THE DATA.
  ***  ERROR  ***  ALL AVENOR WINDOWS BEFORE THE DATA.
  ***  ERROR  ***  ALL AVENOR WINDOWS BEFORE THE DATA.
  ***  ERROR  ***  ALL AVENOR WINDOWS BEFORE THE DATA.
  ***  ERROR  ***  ALL AVENOR WINDOWS BEFORE THE DATA.
  ***  ERROR  ***  ALL AVENOR WINDOWS BEFORE THE DATA.
  ***  ERROR  ***  ALL AVENOR WINDOWS BEFORE THE DATA.
  ***  WARNING  ***  Gains has a bad water bottom time of    3.41400003    
  ***  ERROR  ***  ALL AVENOR WINDOWS BEFORE THE DATA.
  ***  ERROR  ***  ALL AVENOR WINDOWS BEFORE THE DATA.
  ***  ERROR  ***  ALL AVENOR WINDOWS BEFORE THE DATA.
  ***  ERROR  ***  ALL AVENOR WINDOWS BEFORE THE DATA.
  ***  ERROR  ***  ALL AVENOR WINDOWS BEFORE THE DATA.
  ***  ERROR  ***  ALL AVENOR WINDOWS BEFORE THE DATA.
  ***  WARNING  ***  Gains has a bad water bottom time of    3.41400003    
  ***  WARNING  ***  Gains has a bad water bottom time of    3.41400003    
  ***  WARNING  ***  Gains has a bad water bottom time of    3.41400003    
  ***  WARNING  ***  Gains has a bad water bottom time of    3.41400003    
  ***  WARNING  ***  Gains has a bad water bottom time of    3.41400003    
  ***  WARNING  ***  Gains has a bad water bottom time of    3.41400003    
  ***  WARNING  ***  Gains has a bad water bottom time of    3.41400003    
  ***  WARNING  ***  Gains has a bad water bottom time of    3.41400003    
  ***  WARNING  ***  Gains has a bad water bottom time of    3.41400003    
  ***  WARNING  ***  Gains has a bad water bottom time of    3.41400003    
  ***  WARNING  ***  Gains has a bad water bottom time of    3.41400003    
  ***  WARNING  ***  Gains has a bad water bottom time of    3.41400003    
  ***  ERROR  ***  ALL AVENOR WINDOWS BEFORE THE DATA.
  ***  WARNING  ***  Gains has a bad water bottom time of    3.41400003    
  ***  WARNING  ***  Gains has a bad water bottom time of    3.41400003    
  ***  WARNING  ***  Gains has a bad water bottom time of    3.41400003    
  ***  WARNING  ***  Gains has a bad water bottom time of    3.41400003    
  ***  WARNING  ***  Gains has a bad water bottom time of    3.41400003    
  ***  WARNING  ***  Gains has a bad water bottom time of    3.41400003    
  ***  WARNING  ***  Gains has a bad water bottom time of    3.41400003    
  ***  WARNING  ***  Gains has a bad water bottom time of    3.41400003    
  ***  WARNING  ***  Gains has a bad water bottom time of    3.41400003    
  ***  WARNING  ***  Gains has a bad water bottom time of    3.41400003    
  ***  WARNING  ***  Gains has a bad water bottom time of    3.41400003    
 SHOT       2800 TRACE     1 RP       0 TRACE     0
  ***  WARNING  ***  Gains has a bad water bottom time of    3.41400003    
  ***  WARNING  ***  Gains has a bad water bottom time of    3.41400003    
  ***  WARNING  ***  Gains has a bad water bottom time of    3.41400003    
  ***  WARNING  ***  Gains has a bad water bottom time of    3.41400003    
  ***  WARNING  ***  Gains has a bad water bottom time of    3.41400003    
  ***  WARNING  ***  Gains has a bad water bottom time of    3.41400003    
  ***  WARNING  ***  Gains has a bad water bottom time of    3.41400003    
  ***  WARNING  ***  Gains has a bad water bottom time of    3.41400003    
  ***  WARNING  ***  Gains has a bad water bottom time of    3.41400003    
  ***  WARNING  ***  Gains has a bad water bottom time of    3.41400003    
  ***  WARNING  ***  Gains has a bad water bottom time of    3.41400003    
  ***  WARNING  ***  Gains has a bad water bottom time of    3.41400003    
  ***  WARNING  ***  Gains has a bad water bottom time of    3.41400003    
  ***  ERROR  ***  ALL AVENOR WINDOWS BEFORE THE DATA.
  ***  WARNING  ***  Gains has a bad water bottom time of    3.41400003    
  ***  WARNING  ***  Gains has a bad water bottom time of    3.41400003    
  ***  WARNING  ***  Gains has a bad water bottom time of    3.41400003    
  ***  WARNING  ***  Gains has a bad water bottom time of    3.41400003    
  ***  WARNING  ***  Gains has a bad water bottom time of    3.41400003    
  ***  WARNING  ***  Gains has a bad water bottom time of    3.41400003    
  ***  WARNING  ***  Gains has a bad water bottom time of    3.41400003    
  ***  WARNING  ***  Gains has a bad water bottom time of    3.41400003    
